<?xml version="1.0" encoding="UTF-8"?>
<!-- Generated by org.testng.reporters.JUnitXMLReporter -->
<testsuite hostname="MANOJI" name="TestNGAstra" tests="4" failures="0" timestamp="7 May 2021 13:17:35 GMT" time="91.95" errors="0">
  <testcase name="mainspring" time="74.416" classname="com.workpackages.base.Login"/>
  <testcase name="menu" time="16.415" classname="com.workpackages.base.Login"/>
  <testcase name="callform" time="0.973" classname="com.workpackages.base.Login"/>
  <testcase name="AstraForm" time="0.125" classname="com.workpackages.Astraze_menu.Formfill"/>
</testsuite> <!-- TestNGAstra -->
