<?xml version="1.0" encoding="UTF-8"?>
<!-- Generated by org.testng.reporters.JUnitXMLReporter -->
<testsuite hostname="MANOJI" name="Default test" tests="3" failures="0" timestamp="20 May 2021 06:44:12 GMT" time="105.539" errors="0">
  <testcase name="mainspring" time="56.194" classname="com.workpackages.base.Login"/>
  <testcase name="menu" time="17.112" classname="com.workpackages.base.Login"/>
  <testcase name="AstraForm" time="30.461" classname="com.workpackages.base.Login"/>
</testsuite> <!-- Default test -->
