<?xml version="1.0" encoding="UTF-8"?>
<!-- Generated by org.testng.reporters.JUnitXMLReporter -->
<testsuite hostname="MANOJI" name="Default test" tests="3" failures="0" timestamp="7 Jun 2022 11:01:37 GMT" time="90.815" errors="0">
  <testcase name="mainspring" time="53.472" classname="com.workpackages.base.Login"/>
  <testcase name="menu" time="34.575" classname="com.workpackages.base.Login"/>
  <testcase name="AstraForm" time="2.257" classname="com.workpackages.base.Login"/>
</testsuite> <!-- Default test -->
