<?xml version="1.0" encoding="UTF-8"?>
<testng-results skipped="0" failed="0" total="3" passed="3">
  <reporter-output>
  </reporter-output>
  <suite name="Default suite" duration-ms="105539" started-at="2021-05-20T06:42:27Z" finished-at="2021-05-20T06:44:12Z">
    <groups>
    </groups>
    <test name="Default test" duration-ms="105539" started-at="2021-05-20T06:42:27Z" finished-at="2021-05-20T06:44:12Z">
      <class name="com.workpackages.base.Login">
        <test-method status="PASS" signature="Openmainspring()[pri:0, instance:com.workpackages.base.Login@366e2eef]" name="Openmainspring" is-config="true" duration-ms="14760" started-at="2021-05-20T12:12:12Z" finished-at="2021-05-20T12:12:27Z">
          <reporter-output>
          </reporter-output>
        </test-method> <!-- Openmainspring -->
        <test-method status="PASS" signature="reportGenerate()[pri:0, instance:com.workpackages.base.Login@366e2eef]" name="reportGenerate" is-config="true" duration-ms="829" started-at="2021-05-20T12:12:27Z" finished-at="2021-05-20T12:12:28Z">
          <reporter-output>
          </reporter-output>
        </test-method> <!-- reportGenerate -->
        <test-method status="PASS" signature="mainspring()[pri:0, instance:com.workpackages.base.Login@366e2eef]" name="mainspring" duration-ms="56194" started-at="2021-05-20T12:12:28Z" finished-at="2021-05-20T12:13:24Z">
          <reporter-output>
          </reporter-output>
        </test-method> <!-- mainspring -->
        <test-method status="PASS" signature="menu()[pri:0, instance:com.workpackages.base.Login@366e2eef]" name="menu" duration-ms="17112" started-at="2021-05-20T12:13:24Z" finished-at="2021-05-20T12:13:41Z">
          <reporter-output>
          </reporter-output>
        </test-method> <!-- menu -->
        <test-method status="PASS" signature="AstraForm()[pri:0, instance:com.workpackages.base.Login@366e2eef]" name="AstraForm" duration-ms="30461" started-at="2021-05-20T12:13:41Z" finished-at="2021-05-20T12:14:11Z">
          <reporter-output>
          </reporter-output>
        </test-method> <!-- AstraForm -->
        <test-method status="PASS" signature="reportFlush()[pri:0, instance:com.workpackages.base.Login@366e2eef]" name="reportFlush" is-config="true" duration-ms="901" started-at="2021-05-20T12:14:11Z" finished-at="2021-05-20T12:14:12Z">
          <reporter-output>
          </reporter-output>
        </test-method> <!-- reportFlush -->
        <test-method status="PASS" signature="quitBrowser()[pri:0, instance:com.workpackages.base.Login@366e2eef]" name="quitBrowser" is-config="true" duration-ms="2758" started-at="2021-05-20T12:14:12Z" finished-at="2021-05-20T12:14:15Z">
          <reporter-output>
          </reporter-output>
        </test-method> <!-- quitBrowser -->
      </class> <!-- com.workpackages.base.Login -->
    </test> <!-- Default test -->
  </suite> <!-- Default suite -->
</testng-results>
